<?xml version="1.0" encoding="UTF-8"?>
<testsuite xmlns:xsi="http://www.w3.org/2001/XMLSchema-instance" xsi:noNamespaceSchemaLocation="https://maven.apache.org/surefire/maven-surefire-plugin/xsd/surefire-test-report.xsd" name="DealerTest" time="0.08" tests="23" errors="0" skipped="0" failures="0">
  <properties>
[...]
</properties>
  <testcase name="testCardConstructor" classname="DealerTest" time="0.016"/>
  <testcase name="testEvaluateBankerDraw1" classname="DealerTest" time="0.002"/>
  <testcase name="testEvaluateBankerDraw2" classname="DealerTest" time="0.001"/>
  <testcase name="testBaccaratDealerConstructor" classname="DealerTest" time="0.002"/>
  <testcase name="testDealHand1" classname="DealerTest" time="0"/>
  <testcase name="testDealHand2" classname="DealerTest" time="0.001"/>
  <testcase name="testGenerateDeck1" classname="DealerTest" time="0"/>
  <testcase name="testGenerateDeck2" classname="DealerTest" time="0"/>
  <testcase name="testEvaluateWinnings1" classname="DealerTest" time="0.021"/>
  <testcase name="testEvaluateWinnings2" classname="DealerTest" time="0.004"/>
  <testcase name="testDrawOne1" classname="DealerTest" time="0"/>
  <testcase name="testDrawOne2" classname="DealerTest" time="0"/>
  <testcase name="testHandTotal1" classname="DealerTest" time="0"/>
  <testcase name="testHandTotal2" classname="DealerTest" time="0.001"/>
  <testcase name="testBaccaratGameConstructor" classname="DealerTest" time="0.001"/>
  <testcase name="testWhoWon1" classname="DealerTest" time="0.001"/>
  <testcase name="testWhoWon2" classname="DealerTest" time="0.001"/>
  <testcase name="testDeckSize1" classname="DealerTest" time="0.001"/>
  <testcase name="testDeckSize2" classname="DealerTest" time="0.001"/>
  <testcase name="testShuffleDeck1" classname="DealerTest" time="0.001"/>
  <testcase name="testShuffleDeck2" classname="DealerTest" time="0.001"/>
  <testcase name="testEvaluatePlayerDraw1" classname="DealerTest" time="0"/>
  <testcase name="testEvaluatePlayerDraw2" classname="DealerTest" time="0"/>
</testsuite>